# JRE version: OpenJDK Runtime Environment (21.0.5) (build 21.0.5+-13047016-b750.29)
# Java VM: OpenJDK 64-Bit Server VM (21.0.5+-13047016-b750.29, mixed mode, tiered, compressed oops, compressed class ptrs, g1 gc, windows-amd64)
GC Precious Log:
 CardTable entry size: 512
 Card Set container configuration: InlinePtr #cards 4 size 8 Array Of Cards #cards 32 size 80 Howl #buckets 8 coarsen threshold 7372 Howl Bitmap #cards 1024 size 144 coarsen threshold 921 Card regions per heap region 1 cards per card region 8192
 CPUs: 12 total, 12 available
 Memory: 28524M
 Large Page Support: Disabled
 NUMA Support: Disabled
 Compressed Oops: Enabled (Zero based)
 Heap Region Size: 4M
 Heap Min Capacity: 8M
 Heap Initial Capacity: 448M
 Heap Max Capacity: 7132M
 Pre-touch: Disabled
 Parallel Workers: 10
 Concurrent Workers: 3
 Concurrent Refinement Workers: 10
 Periodic GC: Disabled
Heap:
 garbage-first heap   total 487424K, used 130095K [0x0000000642400000, 0x0000000800000000)
  region size 4096K, 7 young (28672K), 2 survivors (8192K)
 Metaspace       used 59117K, committed 59456K, reserved 1114112K
  class space    used 6561K, committed 6720K, reserved 1048576K
GC Heap History (20 events):
Event: 1.209 GC heap before
{Heap before GC invocations=7 (full 0):
 garbage-first heap   total 61440K, used 36482K [0x0000000642400000, 0x0000000800000000)
  region size 4096K, 5 young (20480K), 1 survivors (4096K)
 Metaspace       used 32697K, committed 32960K, reserved 1114112K
  class space    used 3979K, committed 4096K, reserved 1048576K
}
Event: 1.214 GC heap after
{Heap after GC invocations=8 (full 0):
 garbage-first heap   total 262144K, used 26045K [0x0000000642400000, 0x0000000800000000)
  region size 4096K, 1 young (4096K), 1 survivors (4096K)
 Metaspace       used 32697K, committed 32960K, reserved 1114112K
  class space    used 3979K, committed 4096K, reserved 1048576K
}
Event: 1.317 GC heap before
{Heap before GC invocations=8 (full 0):
 garbage-first heap   total 262144K, used 38333K [0x0000000642400000, 0x0000000800000000)
  region size 4096K, 5 young (20480K), 1 survivors (4096K)
 Metaspace       used 35756K, committed 35968K, reserved 1114112K
  class space    used 4292K, committed 4416K, reserved 1048576K
}
Event: 1.319 GC heap after
{Heap after GC invocations=9 (full 0):
 garbage-first heap   total 262144K, used 26539K [0x0000000642400000, 0x0000000800000000)
  region size 4096K, 2 young (8192K), 2 survivors (8192K)
 Metaspace       used 35756K, committed 35968K, reserved 1114112K
  class space    used 4292K, committed 4416K, reserved 1048576K
}
Event: 2.085 GC heap before
{Heap before GC invocations=10 (full 0):
 garbage-first heap   total 110592K, used 104363K [0x0000000642400000, 0x0000000800000000)
  region size 4096K, 21 young (86016K), 2 survivors (8192K)
 Metaspace       used 46323K, committed 46592K, reserved 1114112K
  class space    used 5291K, committed 5440K, reserved 1048576K
}
Event: 2.096 GC heap after
{Heap after GC invocations=11 (full 0):
 garbage-first heap   total 131072K, used 40030K [0x0000000642400000, 0x0000000800000000)
  region size 4096K, 5 young (20480K), 5 survivors (20480K)
 Metaspace       used 46323K, committed 46592K, reserved 1114112K
  class space    used 5291K, committed 5440K, reserved 1048576K
}
Event: 2.340 GC heap before
{Heap before GC invocations=11 (full 0):
 garbage-first heap   total 131072K, used 89182K [0x0000000642400000, 0x0000000800000000)
  region size 4096K, 17 young (69632K), 5 survivors (20480K)
 Metaspace       used 48084K, committed 48384K, reserved 1114112K
  class space    used 5448K, committed 5568K, reserved 1048576K
}
Event: 2.356 GC heap after
{Heap after GC invocations=12 (full 0):
 garbage-first heap   total 131072K, used 52977K [0x0000000642400000, 0x0000000800000000)
  region size 4096K, 3 young (12288K), 3 survivors (12288K)
 Metaspace       used 48084K, committed 48384K, reserved 1114112K
  class space    used 5448K, committed 5568K, reserved 1048576K
}
Event: 2.577 GC heap before
{Heap before GC invocations=12 (full 0):
 garbage-first heap   total 131072K, used 98033K [0x0000000642400000, 0x0000000800000000)
  region size 4096K, 14 young (57344K), 3 survivors (12288K)
 Metaspace       used 49099K, committed 49344K, reserved 1114112K
  class space    used 5546K, committed 5696K, reserved 1048576K
}
Event: 2.589 GC heap after
{Heap after GC invocations=13 (full 0):
 garbage-first heap   total 172032K, used 65536K [0x0000000642400000, 0x0000000800000000)
  region size 4096K, 2 young (8192K), 2 survivors (8192K)
 Metaspace       used 49099K, committed 49344K, reserved 1114112K
  class space    used 5546K, committed 5696K, reserved 1048576K
}
Event: 3.266 GC heap before
{Heap before GC invocations=13 (full 0):
 garbage-first heap   total 172032K, used 122880K [0x0000000642400000, 0x0000000800000000)
  region size 4096K, 16 young (65536K), 2 survivors (8192K)
 Metaspace       used 56734K, committed 57088K, reserved 1114112K
  class space    used 6439K, committed 6592K, reserved 1048576K
}
Event: 3.274 GC heap after
{Heap after GC invocations=14 (full 0):
 garbage-first heap   total 172032K, used 75164K [0x0000000642400000, 0x0000000800000000)
  region size 4096K, 2 young (8192K), 2 survivors (8192K)
 Metaspace       used 56734K, committed 57088K, reserved 1114112K
  class space    used 6439K, committed 6592K, reserved 1048576K
}
Event: 3.915 GC heap before
{Heap before GC invocations=14 (full 0):
 garbage-first heap   total 172032K, used 132508K [0x0000000642400000, 0x0000000800000000)
  region size 4096K, 16 young (65536K), 2 survivors (8192K)
 Metaspace       used 58506K, committed 58880K, reserved 1114112K
  class space    used 6539K, committed 6720K, reserved 1048576K
}
Event: 3.925 GC heap after
{Heap after GC invocations=15 (full 0):
 garbage-first heap   total 172032K, used 86016K [0x0000000642400000, 0x0000000800000000)
  region size 4096K, 2 young (8192K), 2 survivors (8192K)
 Metaspace       used 58506K, committed 58880K, reserved 1114112K
  class space    used 6539K, committed 6720K, reserved 1048576K
}
Event: 4.217 GC heap before
{Heap before GC invocations=15 (full 0):
 garbage-first heap   total 172032K, used 139264K [0x0000000642400000, 0x0000000800000000)
  region size 4096K, 15 young (61440K), 2 survivors (8192K)
 Metaspace       used 59117K, committed 59456K, reserved 1114112K
  class space    used 6561K, committed 6720K, reserved 1048576K
}
Event: 4.227 GC heap after
{Heap after GC invocations=16 (full 0):
 garbage-first heap   total 172032K, used 96160K [0x0000000642400000, 0x0000000800000000)
  region size 4096K, 2 young (8192K), 2 survivors (8192K)
 Metaspace       used 59117K, committed 59456K, reserved 1114112K
  class space    used 6561K, committed 6720K, reserved 1048576K
}
Event: 4.282 GC heap before
{Heap before GC invocations=17 (full 0):
 garbage-first heap   total 172032K, used 141216K [0x0000000642400000, 0x0000000800000000)
  region size 4096K, 13 young (53248K), 2 survivors (8192K)
 Metaspace       used 59117K, committed 59456K, reserved 1114112K
  class space    used 6561K, committed 6720K, reserved 1048576K
}
Event: 4.287 GC heap after
{Heap after GC invocations=18 (full 0):
 garbage-first heap   total 172032K, used 106433K [0x0000000642400000, 0x0000000800000000)
  region size 4096K, 2 young (8192K), 2 survivors (8192K)
 Metaspace       used 59117K, committed 59456K, reserved 1114112K
  class space    used 6561K, committed 6720K, reserved 1048576K
}
Event: 4.326 GC heap before
{Heap before GC invocations=18 (full 0):
 garbage-first heap   total 172032K, used 147393K [0x0000000642400000, 0x0000000800000000)
  region size 4096K, 12 young (49152K), 2 survivors (8192K)
 Metaspace       used 59117K, committed 59456K, reserved 1114112K
  class space    used 6561K, committed 6720K, reserved 1048576K
}
Event: 4.332 GC heap after
{Heap after GC invocations=19 (full 0):
 garbage-first heap   total 487424K, used 113711K [0x0000000642400000, 0x0000000800000000)
  region size 4096K, 2 young (8192K), 2 survivors (8192K)
 Metaspace       used 59117K, committed 59456K, reserved 1114112K
  class space    used 6561K, committed 6720K, reserved 1048576K
}

