# JRE version: OpenJDK Runtime Environment (21.0.5) (build 21.0.5+-13047016-b750.29)
# Java VM: OpenJDK 64-Bit Server VM (21.0.5+-13047016-b750.29, mixed mode, tiered, compressed oops, compressed class ptrs, g1 gc, windows-amd64)
GC Precious Log:
 CardTable entry size: 512
 Card Set container configuration: InlinePtr #cards 4 size 8 Array Of Cards #cards 32 size 80 Howl #buckets 8 coarsen threshold 7372 Howl Bitmap #cards 1024 size 144 coarsen threshold 921 Card regions per heap region 1 cards per card region 8192
 CPUs: 12 total, 12 available
 Memory: 28524M
 Large Page Support: Disabled
 NUMA Support: Disabled
 Compressed Oops: Enabled (Zero based)
 Heap Region Size: 4M
 Heap Min Capacity: 8M
 Heap Initial Capacity: 448M
 Heap Max Capacity: 7132M
 Pre-touch: Disabled
 Parallel Workers: 10
 Concurrent Workers: 3
 Concurrent Refinement Workers: 10
 Periodic GC: Disabled
Heap:
 garbage-first heap   total 335872K, used 226957K [0x0000000642400000, 0x0000000800000000)
  region size 4096K, 2 young (8192K), 2 survivors (8192K)
 Metaspace       used 90545K, committed 91008K, reserved 1179648K
  class space    used 9198K, committed 9408K, reserved 1048576K
GC Heap History (20 events):
Event: 3.811 GC heap after
{Heap after GC invocations=15 (full 0):
 garbage-first heap   total 167936K, used 85914K [0x0000000642400000, 0x0000000800000000)
  region size 4096K, 2 young (8192K), 2 survivors (8192K)
 Metaspace       used 58296K, committed 58560K, reserved 1114112K
  class space    used 6533K, committed 6656K, reserved 1048576K
}
Event: 4.194 GC heap before
{Heap before GC invocations=15 (full 0):
 garbage-first heap   total 167936K, used 135066K [0x0000000642400000, 0x0000000800000000)
  region size 4096K, 14 young (57344K), 2 survivors (8192K)
 Metaspace       used 59065K, committed 59456K, reserved 1114112K
  class space    used 6561K, committed 6720K, reserved 1048576K
}
Event: 4.206 GC heap after
{Heap after GC invocations=16 (full 0):
 garbage-first heap   total 167936K, used 94552K [0x0000000642400000, 0x0000000800000000)
  region size 4096K, 2 young (8192K), 2 survivors (8192K)
 Metaspace       used 59065K, committed 59456K, reserved 1114112K
  class space    used 6561K, committed 6720K, reserved 1048576K
}
Event: 4.272 GC heap before
{Heap before GC invocations=17 (full 0):
 garbage-first heap   total 167936K, used 139608K [0x0000000642400000, 0x0000000800000000)
  region size 4096K, 13 young (53248K), 2 survivors (8192K)
 Metaspace       used 59065K, committed 59456K, reserved 1114112K
  class space    used 6561K, committed 6720K, reserved 1048576K
}
Event: 4.278 GC heap after
{Heap after GC invocations=18 (full 0):
 garbage-first heap   total 167936K, used 104078K [0x0000000642400000, 0x0000000800000000)
  region size 4096K, 2 young (8192K), 2 survivors (8192K)
 Metaspace       used 59065K, committed 59456K, reserved 1114112K
  class space    used 6561K, committed 6720K, reserved 1048576K
}
Event: 4.314 GC heap before
{Heap before GC invocations=18 (full 0):
 garbage-first heap   total 167936K, used 140942K [0x0000000642400000, 0x0000000800000000)
  region size 4096K, 11 young (45056K), 2 survivors (8192K)
 Metaspace       used 59065K, committed 59456K, reserved 1114112K
  class space    used 6561K, committed 6720K, reserved 1048576K
}
Event: 4.320 GC heap after
{Heap after GC invocations=19 (full 0):
 garbage-first heap   total 335872K, used 110252K [0x0000000642400000, 0x0000000800000000)
  region size 4096K, 2 young (8192K), 2 survivors (8192K)
 Metaspace       used 59065K, committed 59456K, reserved 1114112K
  class space    used 6561K, committed 6720K, reserved 1048576K
}
Event: 4.534 GC heap before
{Heap before GC invocations=19 (full 0):
 garbage-first heap   total 335872K, used 265900K [0x0000000642400000, 0x0000000800000000)
  region size 4096K, 40 young (163840K), 2 survivors (8192K)
 Metaspace       used 59066K, committed 59456K, reserved 1114112K
  class space    used 6561K, committed 6720K, reserved 1048576K
}
Event: 4.546 GC heap after
{Heap after GC invocations=20 (full 0):
 garbage-first heap   total 335872K, used 143915K [0x0000000642400000, 0x0000000800000000)
  region size 4096K, 5 young (20480K), 5 survivors (20480K)
 Metaspace       used 59066K, committed 59456K, reserved 1114112K
  class space    used 6561K, committed 6720K, reserved 1048576K
}
Event: 5.588 GC heap before
{Heap before GC invocations=20 (full 0):
 garbage-first heap   total 335872K, used 258603K [0x0000000642400000, 0x0000000800000000)
  region size 4096K, 33 young (135168K), 5 survivors (20480K)
 Metaspace       used 60056K, committed 60416K, reserved 1114112K
  class space    used 6605K, committed 6784K, reserved 1048576K
}
Event: 5.599 GC heap after
{Heap after GC invocations=21 (full 0):
 garbage-first heap   total 335872K, used 161926K [0x0000000642400000, 0x0000000800000000)
  region size 4096K, 4 young (16384K), 4 survivors (16384K)
 Metaspace       used 60056K, committed 60416K, reserved 1114112K
  class space    used 6605K, committed 6784K, reserved 1048576K
}
Event: 6.826 GC heap before
{Heap before GC invocations=21 (full 0):
 garbage-first heap   total 335872K, used 272518K [0x0000000642400000, 0x0000000800000000)
  region size 4096K, 31 young (126976K), 4 survivors (16384K)
 Metaspace       used 64522K, committed 64832K, reserved 1114112K
  class space    used 6949K, committed 7104K, reserved 1048576K
}
Event: 6.837 GC heap after
{Heap after GC invocations=22 (full 0):
 garbage-first heap   total 335872K, used 178008K [0x0000000642400000, 0x0000000800000000)
  region size 4096K, 4 young (16384K), 4 survivors (16384K)
 Metaspace       used 64522K, committed 64832K, reserved 1114112K
  class space    used 6949K, committed 7104K, reserved 1048576K
}
Event: 7.845 GC heap before
{Heap before GC invocations=22 (full 0):
 garbage-first heap   total 335872K, used 276312K [0x0000000642400000, 0x0000000800000000)
  region size 4096K, 29 young (118784K), 4 survivors (16384K)
 Metaspace       used 72424K, committed 72704K, reserved 1114112K
  class space    used 7623K, committed 7744K, reserved 1048576K
}
Event: 7.861 GC heap after
{Heap after GC invocations=23 (full 0):
 garbage-first heap   total 335872K, used 192585K [0x0000000642400000, 0x0000000800000000)
  region size 4096K, 4 young (16384K), 4 survivors (16384K)
 Metaspace       used 72424K, committed 72704K, reserved 1114112K
  class space    used 7623K, committed 7744K, reserved 1048576K
}
Event: 8.813 GC heap before
{Heap before GC invocations=24 (full 0):
 garbage-first heap   total 335872K, used 286793K [0x0000000642400000, 0x0000000800000000)
  region size 4096K, 27 young (110592K), 4 survivors (16384K)
 Metaspace       used 77908K, committed 78272K, reserved 1179648K
  class space    used 8066K, committed 8256K, reserved 1048576K
}
Event: 8.827 GC heap after
{Heap after GC invocations=25 (full 0):
 garbage-first heap   total 335872K, used 207900K [0x0000000642400000, 0x0000000800000000)
  region size 4096K, 4 young (16384K), 4 survivors (16384K)
 Metaspace       used 77908K, committed 78272K, reserved 1179648K
  class space    used 8066K, committed 8256K, reserved 1048576K
}
Event: 9.594 GC heap before
{Heap before GC invocations=25 (full 0):
 garbage-first heap   total 335872K, used 293916K [0x0000000642400000, 0x0000000800000000)
  region size 4096K, 25 young (102400K), 4 survivors (16384K)
 Metaspace       used 81982K, committed 82432K, reserved 1179648K
  class space    used 8474K, committed 8640K, reserved 1048576K
}
Event: 9.610 GC heap after
{Heap after GC invocations=26 (full 0):
 garbage-first heap   total 335872K, used 221008K [0x0000000642400000, 0x0000000800000000)
  region size 4096K, 4 young (16384K), 4 survivors (16384K)
 Metaspace       used 81982K, committed 82432K, reserved 1179648K
  class space    used 8474K, committed 8640K, reserved 1048576K
}
Event: 10.477 GC heap before
{Heap before GC invocations=26 (full 0):
 garbage-first heap   total 335872K, used 278352K [0x0000000642400000, 0x0000000800000000)
  region size 4096K, 19 young (77824K), 4 survivors (16384K)
 Metaspace       used 90545K, committed 91008K, reserved 1179648K
  class space    used 9198K, committed 9408K, reserved 1048576K
}

